<?xml version="1.0" encoding="UTF-8"?>
<!-- Generated by org.testng.reporters.JUnitReportReporter -->
<testsuite skipped="0" hostname="kartikey" name="edu.org.Selenium_Jenkins" tests="1" failures="0" timestamp="01 Jun 2019 19:49:51 GMT" time="5.812" errors="0">
  <testcase name="verifySearchButton" time="5.812" classname="edu.org.Selenium_Jenkins"/>
</testsuite> <!-- edu.org.Selenium_Jenkins -->
